<?xml version="1.0" encoding="UTF-8"?>
<!-- Generated by org.testng.reporters.JUnitReportReporter -->
<testsuite skipped="0" hostname="vidya-PC" name="org.loginradius.com.classes.tests.GoogleLogin" tests="6" failures="0" timestamp="31 Dec 2018 06:39:52 GMT" time="77.774" errors="0">
  <testcase name="google_loginWith_bothValid_credentials" time="22.590" classname="org.loginradius.com.classes.tests.GoogleLogin"/>
  <testcase name="google_loginWith_bothInvalid_credentials" time="14.020" classname="org.loginradius.com.classes.tests.GoogleLogin"/>
  <testcase name="google_loginWith_validUsername_and_invalidPassword" time="12.076" classname="org.loginradius.com.classes.tests.GoogleLogin"/>
  <testcase name="google_loginWith_invalidUsername_and_validPassword" time="9.766" classname="org.loginradius.com.classes.tests.GoogleLogin"/>
  <testcase name="google_loginWith_blankEmailId_and_validPassword" time="7.977" classname="org.loginradius.com.classes.tests.GoogleLogin"/>
  <testcase name="google_loginWith_validEmailId_and_blankPassword" time="11.345" classname="org.loginradius.com.classes.tests.GoogleLogin"/>
</testsuite> <!-- org.loginradius.com.classes.tests.GoogleLogin -->
