<?xml version="1.0" encoding="UTF-8"?>
<!-- Generated by org.testng.reporters.JUnitReportReporter -->
<testsuite skipped="0" hostname="vidya-PC" name="org.loginradius.com.classes.tests.ForgotPassword" tests="1" failures="0" timestamp="31 Dec 2018 08:32:27 GMT" time="7.087" errors="0">
  <testcase name="forgotPassword" time="7.087" classname="org.loginradius.com.classes.tests.ForgotPassword"/>
</testsuite> <!-- org.loginradius.com.classes.tests.ForgotPassword -->
