<?xml version="1.0" encoding="UTF-8"?>
<!-- Generated by org.testng.reporters.JUnitReportReporter -->
<testsuite skipped="0" hostname="vidya-PC" name="org.loginradius.com.classes.tests.TwitterLogin" tests="1" failures="0" timestamp="31 Dec 2018 08:02:16 GMT" time="8.474" errors="0">
  <testcase name="twitterLogin_withBoth_validCredentials" time="8.474" classname="org.loginradius.com.classes.tests.TwitterLogin"/>
</testsuite> <!-- org.loginradius.com.classes.tests.TwitterLogin -->
