<?xml version="1.0" encoding="UTF-8"?>
<!-- Generated by org.testng.reporters.JUnitReportReporter -->
<testsuite skipped="0" hostname="vidya-PC" name="tests.LoginWithFacebook" tests="1" failures="0" timestamp="30 Dec 2018 10:15:53 GMT" time="22.203" errors="0">
  <testcase name="FacebookLogin" time="22.203" classname="tests.LoginWithFacebook"/>
</testsuite> <!-- tests.LoginWithFacebook -->
